<?xml version="1.0" encoding="UTF-8"?>
<testsuite name="safira.ExemploSpec" tests="19" skipped="0" failures="0" errors="0" timestamp="2019-11-12T04:04:48" hostname="Brunos-MacBook-Pro.local" time="48.471">
  <properties/>
  <testcase name="país - criar" classname="safira.ExemploSpec" time="20.167"/>
  <testcase name="estado - criar" classname="safira.ExemploSpec" time="0.114"/>
  <testcase name="municipio - criar" classname="safira.ExemploSpec" time="0.116"/>
  <testcase name="endereco - criar" classname="safira.ExemploSpec" time="0.118"/>
  <testcase name="empresa - criar" classname="safira.ExemploSpec" time="0.084"/>
  <testcase name="centros de custo - criar" classname="safira.ExemploSpec" time="0.113"/>
  <testcase name="centros de custo - ler 1" classname="safira.ExemploSpec" time="0.087"/>
  <testcase name="forma de pagamento - criar" classname="safira.ExemploSpec" time="0.098"/>
  <testcase name="forma de pagamento - garantir 1 controle cheque" classname="safira.ExemploSpec" time="0.112"/>
  <testcase name="grupo - criar" classname="safira.ExemploSpec" time="0.075"/>
  <testcase name="grupo parceiro negocios - criar" classname="safira.ExemploSpec" time="0.074"/>
  <testcase name="grupo tributacao - criar" classname="safira.ExemploSpec" time="0.098"/>
  <testcase name="prazo pagamento - criar" classname="safira.ExemploSpec" time="0.084"/>
  <testcase name="item prazo pagamento - criar" classname="safira.ExemploSpec" time="0.076"/>
  <testcase name="item prazo pagamento - tem pai" classname="safira.ExemploSpec" time="0.116"/>
  <testcase name="subgrupo - criar" classname="safira.ExemploSpec" time="0.081"/>
  <testcase name="subgrupo - tem pai" classname="safira.ExemploSpec" time="0.068"/>
  <testcase name="subgrupo parceiro negocios - criar" classname="safira.ExemploSpec" time="0.053"/>
  <testcase name="subgrupo parceiro negocios - tem pai" classname="safira.ExemploSpec" time="26.733"/>
  <system-out><![CDATA[02:04:46,629 |-INFO in ch.qos.logback.classic.LoggerContext[default] - Could NOT find resource [logback-test.xml]
02:04:46,630 |-INFO in ch.qos.logback.classic.LoggerContext[default] - Found resource [logback.groovy] at [file:/Users/brunorafante/dev/grails/safira_api/build/resources/integrationTest/logback.groovy]
02:04:46,631 |-WARN in ch.qos.logback.classic.LoggerContext[default] - Resource [logback.groovy] occurs multiple times on the classpath.
02:04:46,631 |-WARN in ch.qos.logback.classic.LoggerContext[default] - Resource [logback.groovy] occurs at [file:/Users/brunorafante/dev/grails/safira_api/build/resources/main/logback.groovy]
02:04:46,631 |-WARN in ch.qos.logback.classic.LoggerContext[default] - Resource [logback.groovy] occurs at [file:/Users/brunorafante/dev/grails/safira_api/build/resources/integrationTest/logback.groovy]
02:04:47,511 |-INFO in ch.qos.logback.classic.gaffer.ConfigurationDelegate@436c093 - registering conversion word clr with class [org.springframework.boot.logging.logback.ColorConverter]
02:04:47,522 |-INFO in ch.qos.logback.classic.gaffer.ConfigurationDelegate@436c093 - registering conversion word wex with class [org.springframework.boot.logging.logback.WhitespaceThrowableProxyConverter]
02:04:47,531 |-INFO in ch.qos.logback.classic.gaffer.ConfigurationDelegate@436c093 - About to instantiate appender of type [ch.qos.logback.core.ConsoleAppender]
02:04:47,534 |-INFO in ch.qos.logback.classic.gaffer.ConfigurationDelegate@436c093 - Naming appender as [STDOUT]
02:04:47,700 |-INFO in ch.qos.logback.classic.gaffer.ConfigurationDelegate@436c093 - Setting level of logger [ROOT] to ERROR
02:04:47,710 |-INFO in ch.qos.logback.classic.gaffer.ConfigurationDelegate@436c093 - Attaching appender named [STDOUT] to Logger[ROOT]

Grails application running at http://localhost:53806 in environment: test
]]></system-out>
  <system-err><![CDATA[]]></system-err>
</testsuite>
