<?xml version="1.0" encoding="UTF-8"?>
<testsuite name="br.com.eliteconsult.cadastros.PaisControllerSpec" tests="1" skipped="0" failures="1" errors="0" timestamp="2019-11-12T03:14:15" hostname="Brunos-MacBook-Pro.local" time="0.001">
  <properties/>
  <testcase name="classMethod" classname="br.com.eliteconsult.cadastros.PaisControllerSpec" time="0.001">
    <failure message="org.springframework.beans.factory.BeanCreationException: Error creating bean with name 'br.com.eliteconsult.cadastros.PaisValidator': Bean instantiation via constructor failed; nested exception is org.springframework.beans.BeanInstantiationException: Failed to instantiate [grails.gorm.validation.PersistentEntityValidator]: Constructor threw exception; nested exception is grails.gorm.validation.exceptions.ValidationConfigurationException: Property [br.com.eliteconsult.cadastros.Pais.nome] references shared constraint [nome:null], which doesn't exist!" type="org.springframework.beans.factory.BeanCreationException">org.springframework.beans.factory.BeanCreationException: Error creating bean with name 'br.com.eliteconsult.cadastros.PaisValidator': Bean instantiation via constructor failed; nested exception is org.springframework.beans.BeanInstantiationException: Failed to instantiate [grails.gorm.validation.PersistentEntityValidator]: Constructor threw exception; nested exception is grails.gorm.validation.exceptions.ValidationConfigurationException: Property [br.com.eliteconsult.cadastros.Pais.nome] references shared constraint [nome:null], which doesn't exist!
	at org.springframework.beans.factory.support.ConstructorResolver.instantiate(ConstructorResolver.java:304)
	at org.springframework.beans.factory.support.ConstructorResolver.autowireConstructor(ConstructorResolver.java:285)
	at org.springframework.beans.factory.support.AbstractAutowireCapableBeanFactory.autowireConstructor(AbstractAutowireCapableBeanFactory.java:1341)
	at org.springframework.beans.factory.support.AbstractAutowireCapableBeanFactory.createBeanInstance(AbstractAutowireCapableBeanFactory.java:1187)
	at org.springframework.beans.factory.support.AbstractAutowireCapableBeanFactory.doCreateBean(AbstractAutowireCapableBeanFactory.java:555)
	at org.springframework.beans.factory.support.AbstractAutowireCapableBeanFactory.createBean(AbstractAutowireCapableBeanFactory.java:515)
	at org.springframework.beans.factory.support.AbstractBeanFactory.lambda$doGetBean$0(AbstractBeanFactory.java:320)
	at org.springframework.beans.factory.support.DefaultSingletonBeanRegistry.getSingleton(DefaultSingletonBeanRegistry.java:222)
	at org.springframework.beans.factory.support.AbstractBeanFactory.doGetBean(AbstractBeanFactory.java:318)
	at org.springframework.beans.factory.support.AbstractBeanFactory.getBean(AbstractBeanFactory.java:199)
	at org.springframework.beans.factory.support.DefaultListableBeanFactory.preInstantiateSingletons(DefaultListableBeanFactory.java:849)
	at org.grails.testing.GrailsUnitTest$Trait$Helper.defineBeans(GrailsUnitTest.groovy:99)
	at grails.testing.gorm.DataTest$Trait$Helper.registerDomainClassValidator(DataTest.groovy:122)
	at grails.testing.gorm.DataTest$Trait$Helper.mockDomains(DataTest.groovy:84)
	at org.grails.testing.gorm.spock.DataTestSetupSpecInterceptor.configureDataTest(DataTestSetupSpecInterceptor.groovy:73)
	at org.grails.testing.gorm.spock.DataTestSetupSpecInterceptor.intercept(DataTestSetupSpecInterceptor.groovy:31)
	at org.spockframework.runtime.extension.MethodInvocation.proceed(MethodInvocation.java:97)
	at org.grails.testing.spock.WebSetupSpecInterceptor.intercept(WebSetupSpecInterceptor.groovy:42)
	at org.spockframework.runtime.extension.MethodInvocation.proceed(MethodInvocation.java:97)
	at org.gradle.api.internal.tasks.testing.junit.JUnitTestClassExecutor.runTestClass(JUnitTestClassExecutor.java:110)
	at org.gradle.api.internal.tasks.testing.junit.JUnitTestClassExecutor.execute(JUnitTestClassExecutor.java:58)
	at org.gradle.api.internal.tasks.testing.junit.JUnitTestClassExecutor.execute(JUnitTestClassExecutor.java:38)
	at org.gradle.api.internal.tasks.testing.junit.AbstractJUnitTestClassProcessor.processTestClass(AbstractJUnitTestClassProcessor.java:62)
	at org.gradle.api.internal.tasks.testing.SuiteTestClassProcessor.processTestClass(SuiteTestClassProcessor.java:51)
	at java.base/jdk.internal.reflect.NativeMethodAccessorImpl.invoke(NativeMethodAccessorImpl.java:62)
	at java.base/jdk.internal.reflect.DelegatingMethodAccessorImpl.invoke(DelegatingMethodAccessorImpl.java:43)
	at org.gradle.internal.dispatch.ReflectionDispatch.dispatch(ReflectionDispatch.java:35)
	at org.gradle.internal.dispatch.ReflectionDispatch.dispatch(ReflectionDispatch.java:24)
	at org.gradle.internal.dispatch.ContextClassLoaderDispatch.dispatch(ContextClassLoaderDispatch.java:32)
	at org.gradle.internal.dispatch.ProxyDispatchAdapter$DispatchingInvocationHandler.invoke(ProxyDispatchAdapter.java:93)
	at org.gradle.api.internal.tasks.testing.worker.TestWorker.processTestClass(TestWorker.java:118)
	at java.base/jdk.internal.reflect.NativeMethodAccessorImpl.invoke(NativeMethodAccessorImpl.java:62)
	at java.base/jdk.internal.reflect.DelegatingMethodAccessorImpl.invoke(DelegatingMethodAccessorImpl.java:43)
	at org.gradle.internal.dispatch.ReflectionDispatch.dispatch(ReflectionDispatch.java:35)
	at org.gradle.internal.dispatch.ReflectionDispatch.dispatch(ReflectionDispatch.java:24)
	at org.gradle.internal.remote.internal.hub.MessageHubBackedObjectConnection$DispatchWrapper.dispatch(MessageHubBackedObjectConnection.java:175)
	at org.gradle.internal.remote.internal.hub.MessageHubBackedObjectConnection$DispatchWrapper.dispatch(MessageHubBackedObjectConnection.java:157)
	at org.gradle.internal.remote.internal.hub.MessageHub$Handler.run(MessageHub.java:404)
	at org.gradle.internal.concurrent.ExecutorPolicy$CatchAndRecordFailures.onExecute(ExecutorPolicy.java:63)
	at org.gradle.internal.concurrent.ManagedExecutorImpl$1.run(ManagedExecutorImpl.java:46)
	at java.base/java.util.concurrent.ThreadPoolExecutor.runWorker(ThreadPoolExecutor.java:1128)
	at java.base/java.util.concurrent.ThreadPoolExecutor$Worker.run(ThreadPoolExecutor.java:628)
	at org.gradle.internal.concurrent.ThreadFactoryImpl$ManagedThreadRunnable.run(ThreadFactoryImpl.java:55)
	at java.base/java.lang.Thread.run(Thread.java:834)
Caused by: org.springframework.beans.BeanInstantiationException: Failed to instantiate [grails.gorm.validation.PersistentEntityValidator]: Constructor threw exception; nested exception is grails.gorm.validation.exceptions.ValidationConfigurationException: Property [br.com.eliteconsult.cadastros.Pais.nome] references shared constraint [nome:null], which doesn't exist!
	at org.springframework.beans.BeanUtils.instantiateClass(BeanUtils.java:184)
	at org.springframework.beans.factory.support.SimpleInstantiationStrategy.instantiate(SimpleInstantiationStrategy.java:117)
	at org.springframework.beans.factory.support.ConstructorResolver.instantiate(ConstructorResolver.java:300)
	... 43 more
Caused by: grails.gorm.validation.exceptions.ValidationConfigurationException: Property [br.com.eliteconsult.cadastros.Pais.nome] references shared constraint [nome:null], which doesn't exist!
	at org.grails.datastore.gorm.validation.constraints.eval.DefaultConstraintEvaluator.applySharedConstraints(DefaultConstraintEvaluator.java:202)
	at org.grails.datastore.gorm.validation.constraints.eval.DefaultConstraintEvaluator.evaluate(DefaultConstraintEvaluator.java:176)
	at org.grails.datastore.gorm.validation.constraints.eval.DefaultConstraintEvaluator.evaluate(DefaultConstraintEvaluator.java:80)
	at org.grails.datastore.gorm.validation.constraints.eval.DefaultConstraintEvaluator.evaluate(DefaultConstraintEvaluator.java:75)
	at grails.gorm.validation.PersistentEntityValidator.&lt;init&gt;(PersistentEntityValidator.groovy:51)
	at java.base/jdk.internal.reflect.NativeConstructorAccessorImpl.newInstance(NativeConstructorAccessorImpl.java:62)
	at java.base/jdk.internal.reflect.DelegatingConstructorAccessorImpl.newInstance(DelegatingConstructorAccessorImpl.java:45)
	at org.springframework.beans.BeanUtils.instantiateClass(BeanUtils.java:172)
	... 45 more
</failure>
  </testcase>
  <system-out><![CDATA[]]></system-out>
  <system-err><![CDATA[]]></system-err>
</testsuite>
