<?xml version="1.0" encoding="UTF-8"?>
<testsuite name="br.com.eliteconsult.cadastros.ParametrosGeraisControllerSpec" tests="11" skipped="0" failures="7" errors="0" timestamp="2019-11-12T03:14:16" hostname="Brunos-MacBook-Pro.local" time="0.692">
  <properties/>
  <testcase name="Test the index action returns the correct response" classname="br.com.eliteconsult.cadastros.ParametrosGeraisControllerSpec" time="0.262"/>
  <testcase name="Test the save action with a null instance" classname="br.com.eliteconsult.cadastros.ParametrosGeraisControllerSpec" time="0.206">
    <failure message="grails.views.ViewException: Error rendering view: null" type="grails.views.ViewException">grails.views.ViewException: Error rendering view: null
	at grails.views.AbstractWritableScript.writeTo(AbstractWritableScript.groovy:46)
	at grails.views.mvc.GenericGroovyTemplateView.renderMergedOutputModel(GenericGroovyTemplateView.groovy:73)
	at org.springframework.web.servlet.view.AbstractView.render(AbstractView.java:316)
	at grails.plugin.json.renderer.AbstractJsonViewContainerRenderer.render(AbstractJsonViewContainerRenderer.groovy:52)
	at grails.artefact.controller.RestResponder$Trait$Helper.internalRespond(RestResponder.groovy:192)
	at grails.artefact.controller.RestResponder$Trait$Helper.respond(RestResponder.groovy:98)
	at br.com.eliteconsult.cadastros.ParametrosGeraisController.$tt__save(ParametrosGeraisController.groovy:38)
	at java.base/jdk.internal.reflect.NativeMethodAccessorImpl.invoke(NativeMethodAccessorImpl.java:62)
	at java.base/jdk.internal.reflect.DelegatingMethodAccessorImpl.invoke(DelegatingMethodAccessorImpl.java:43)
	at br.com.eliteconsult.cadastros.ParametrosGeraisController.save_closure1(ParametrosGeraisController.groovy)
	at java.base/jdk.internal.reflect.NativeMethodAccessorImpl.invoke(NativeMethodAccessorImpl.java:62)
	at java.base/jdk.internal.reflect.DelegatingMethodAccessorImpl.invoke(DelegatingMethodAccessorImpl.java:43)
	at groovy.lang.Closure.call(Closure.java:405)
	at groovy.lang.Closure.call(Closure.java:421)
	at grails.gorm.transactions.GrailsTransactionTemplate$2.doInTransaction(GrailsTransactionTemplate.groovy:94)
	at org.springframework.transaction.support.TransactionTemplate.execute(TransactionTemplate.java:140)
	at grails.gorm.transactions.GrailsTransactionTemplate.execute(GrailsTransactionTemplate.groovy:91)
	at java.base/jdk.internal.reflect.NativeMethodAccessorImpl.invoke(NativeMethodAccessorImpl.java:62)
	at java.base/jdk.internal.reflect.DelegatingMethodAccessorImpl.invoke(DelegatingMethodAccessorImpl.java:43)
	at br.com.eliteconsult.cadastros.ParametrosGeraisController.save_closure6(ParametrosGeraisController.groovy)
	at java.base/jdk.internal.reflect.NativeMethodAccessorImpl.invoke(NativeMethodAccessorImpl.java:62)
	at java.base/jdk.internal.reflect.DelegatingMethodAccessorImpl.invoke(DelegatingMethodAccessorImpl.java:43)
	at groovy.lang.Closure.call(Closure.java:405)
	at groovy.lang.Closure.call(Closure.java:421)
	at grails.gorm.transactions.GrailsTransactionTemplate$2.doInTransaction(GrailsTransactionTemplate.groovy:94)
	at org.springframework.transaction.support.TransactionTemplate.execute(TransactionTemplate.java:140)
	at grails.gorm.transactions.GrailsTransactionTemplate.execute(GrailsTransactionTemplate.groovy:91)
	at java.base/jdk.internal.reflect.NativeMethodAccessorImpl.invoke(NativeMethodAccessorImpl.java:62)
	at java.base/jdk.internal.reflect.DelegatingMethodAccessorImpl.invoke(DelegatingMethodAccessorImpl.java:43)
	at org.grails.testing.runtime.support.ActionSettingMethodHandler.invoke(ActionSettingMethodHandler.groovy:29)
	at br.com.eliteconsult.cadastros.ParametrosGeraisControllerSpec.Test the save action with a null instance(ParametrosGeraisControllerSpec.groovy:42)
Caused by: java.lang.NullPointerException
	at grails.views.api.internal.DefaultGrailsViewHelper.link(DefaultGrailsViewHelper.groovy:40)
	at safira_api_errors__errors_gson.run_closure1(safira_api_errors__errors_gson:16)
	at grails.plugin.json.builder.StreamingJsonBuilder$StreamingJsonDelegate.cloneDelegateAndGetContent(StreamingJsonBuilder.java:793)
	at grails.plugin.json.builder.StreamingJsonBuilder$StreamingJsonDelegate.access$000(StreamingJsonBuilder.java:478)
	at grails.plugin.json.builder.StreamingJsonBuilder.call(StreamingJsonBuilder.java:238)
	at grails.plugin.json.view.JsonViewWritableScript.json(JsonViewWritableScript.groovy:72)
	at safira_api_errors__errors_gson.run(safira_api_errors__errors_gson:12)
	at grails.plugin.json.view.JsonViewWritableScript.doWrite(JsonViewWritableScript.groovy:27)
	at grails.views.AbstractWritableScript.writeTo(AbstractWritableScript.groovy:40)
	... 30 more
</failure>
  </testcase>
  <testcase name="Test the save action correctly persists" classname="br.com.eliteconsult.cadastros.ParametrosGeraisControllerSpec" time="0.011">
    <failure message="Condition not satisfied:&#10;&#10;false&#10;&#10;TODO: Provide a populateValidParams() implementation for this generated test suite&#10;" type="org.spockframework.runtime.ConditionNotSatisfiedError">Condition not satisfied:

false

TODO: Provide a populateValidParams() implementation for this generated test suite

	at br.com.eliteconsult.cadastros.ParametrosGeraisControllerSpec.populateValidParams(ParametrosGeraisControllerSpec.groovy:20)
	at br.com.eliteconsult.cadastros.ParametrosGeraisControllerSpec.Test the save action correctly persists(ParametrosGeraisControllerSpec.groovy:58)
</failure>
  </testcase>
  <testcase name="Test the save action with an invalid instance" classname="br.com.eliteconsult.cadastros.ParametrosGeraisControllerSpec" time="0.012">
    <failure message="Condition not satisfied:&#10;&#10;false&#10;&#10;TODO: Provide a populateValidParams() implementation for this generated test suite&#10;" type="org.spockframework.runtime.ConditionNotSatisfiedError">Condition not satisfied:

false

TODO: Provide a populateValidParams() implementation for this generated test suite

	at br.com.eliteconsult.cadastros.ParametrosGeraisControllerSpec.populateValidParams(ParametrosGeraisControllerSpec.groovy:20)
	at br.com.eliteconsult.cadastros.ParametrosGeraisControllerSpec.Test the save action with an invalid instance(ParametrosGeraisControllerSpec.groovy:78)
</failure>
  </testcase>
  <testcase name="Test the show action with a null id" classname="br.com.eliteconsult.cadastros.ParametrosGeraisControllerSpec" time="0.01"/>
  <testcase name="Test the show action with a valid id" classname="br.com.eliteconsult.cadastros.ParametrosGeraisControllerSpec" time="0.122">
    <failure message="Condition not satisfied:&#10;&#10;response.json == [:]&#10;|        |    |&#10;|        |    false&#10;|        [ignoreAjaxLoadingSelect:true, ignoreAjaxLoadingFilter:true, cpfCnpjObrigatorio:true, ignoreAjaxLoadingGrid:true]&#10;&lt;org.grails.plugins.testing.GrailsMockHttpServletResponse@5cc6a187 outputStreamAccessAllowed=true writerAccessAllowed=true characterEncoding=UTF-8 charset=true content={&quot;ignoreAjaxLoadingSelect&quot;:true,&quot;ignoreAjaxLoadingFilter&quot;:true,&quot;ignoreAjaxLoadingGrid&quot;:true,&quot;cpfCnpjObrigatorio&quot;:true} outputStream=org.springframework.mock.web.MockHttpServletResponse$ResponseServletOutputStream@4df72a28 writer=org.springframework.mock.web.MockHttpServletResponse$ResponsePrintWriter@3db24ab3 contentLength=0 contentType=application/json bufferSize=4096 committed=true locale=en_BR cookies=[] headers=[Content-Type:[application/json;charset=UTF-8]] status=200 errorMessage=null forwardedUrl=null includedUrls=[]&gt;&#10;" type="org.spockframework.runtime.SpockComparisonFailure">Condition not satisfied:

response.json == [:]
|        |    |
|        |    false
|        [ignoreAjaxLoadingSelect:true, ignoreAjaxLoadingFilter:true, cpfCnpjObrigatorio:true, ignoreAjaxLoadingGrid:true]
&lt;org.grails.plugins.testing.GrailsMockHttpServletResponse@5cc6a187 outputStreamAccessAllowed=true writerAccessAllowed=true characterEncoding=UTF-8 charset=true content={&quot;ignoreAjaxLoadingSelect&quot;:true,&quot;ignoreAjaxLoadingFilter&quot;:true,&quot;ignoreAjaxLoadingGrid&quot;:true,&quot;cpfCnpjObrigatorio&quot;:true} outputStream=org.springframework.mock.web.MockHttpServletResponse$ResponseServletOutputStream@4df72a28 writer=org.springframework.mock.web.MockHttpServletResponse$ResponsePrintWriter@3db24ab3 contentLength=0 contentType=application/json bufferSize=4096 committed=true locale=en_BR cookies=[] headers=[Content-Type:[application/json;charset=UTF-8]] status=200 errorMessage=null forwardedUrl=null includedUrls=[]&gt;

	at br.com.eliteconsult.cadastros.ParametrosGeraisControllerSpec.Test the show action with a valid id(ParametrosGeraisControllerSpec.groovy:112)
</failure>
  </testcase>
  <testcase name="Test the update action with a null instance" classname="br.com.eliteconsult.cadastros.ParametrosGeraisControllerSpec" time="0.013">
    <failure message="grails.views.ViewException: Error rendering view: null" type="grails.views.ViewException">grails.views.ViewException: Error rendering view: null
	at grails.views.AbstractWritableScript.writeTo(AbstractWritableScript.groovy:46)
	at grails.views.mvc.GenericGroovyTemplateView.renderMergedOutputModel(GenericGroovyTemplateView.groovy:73)
	at org.springframework.web.servlet.view.AbstractView.render(AbstractView.java:316)
	at grails.plugin.json.renderer.AbstractJsonViewContainerRenderer.render(AbstractJsonViewContainerRenderer.groovy:52)
	at grails.artefact.controller.RestResponder$Trait$Helper.internalRespond(RestResponder.groovy:192)
	at grails.artefact.controller.RestResponder$Trait$Helper.respond(RestResponder.groovy:98)
	at br.com.eliteconsult.cadastros.ParametrosGeraisController.$tt__update(ParametrosGeraisController.groovy:60)
	at java.base/jdk.internal.reflect.NativeMethodAccessorImpl.invoke(NativeMethodAccessorImpl.java:62)
	at java.base/jdk.internal.reflect.DelegatingMethodAccessorImpl.invoke(DelegatingMethodAccessorImpl.java:43)
	at br.com.eliteconsult.cadastros.ParametrosGeraisController.update_closure2(ParametrosGeraisController.groovy)
	at java.base/jdk.internal.reflect.NativeMethodAccessorImpl.invoke(NativeMethodAccessorImpl.java:62)
	at java.base/jdk.internal.reflect.DelegatingMethodAccessorImpl.invoke(DelegatingMethodAccessorImpl.java:43)
	at groovy.lang.Closure.call(Closure.java:405)
	at groovy.lang.Closure.call(Closure.java:421)
	at grails.gorm.transactions.GrailsTransactionTemplate$2.doInTransaction(GrailsTransactionTemplate.groovy:94)
	at org.springframework.transaction.support.TransactionTemplate.execute(TransactionTemplate.java:140)
	at grails.gorm.transactions.GrailsTransactionTemplate.execute(GrailsTransactionTemplate.groovy:91)
	at java.base/jdk.internal.reflect.NativeMethodAccessorImpl.invoke(NativeMethodAccessorImpl.java:62)
	at java.base/jdk.internal.reflect.DelegatingMethodAccessorImpl.invoke(DelegatingMethodAccessorImpl.java:43)
	at br.com.eliteconsult.cadastros.ParametrosGeraisController.update_closure7(ParametrosGeraisController.groovy)
	at java.base/jdk.internal.reflect.NativeMethodAccessorImpl.invoke(NativeMethodAccessorImpl.java:62)
	at java.base/jdk.internal.reflect.DelegatingMethodAccessorImpl.invoke(DelegatingMethodAccessorImpl.java:43)
	at groovy.lang.Closure.call(Closure.java:405)
	at groovy.lang.Closure.call(Closure.java:421)
	at grails.gorm.transactions.GrailsTransactionTemplate$2.doInTransaction(GrailsTransactionTemplate.groovy:94)
	at org.springframework.transaction.support.TransactionTemplate.execute(TransactionTemplate.java:140)
	at grails.gorm.transactions.GrailsTransactionTemplate.execute(GrailsTransactionTemplate.groovy:91)
	at java.base/jdk.internal.reflect.NativeMethodAccessorImpl.invoke(NativeMethodAccessorImpl.java:62)
	at java.base/jdk.internal.reflect.DelegatingMethodAccessorImpl.invoke(DelegatingMethodAccessorImpl.java:43)
	at org.grails.testing.runtime.support.ActionSettingMethodHandler.invoke(ActionSettingMethodHandler.groovy:29)
	at br.com.eliteconsult.cadastros.ParametrosGeraisControllerSpec.Test the update action with a null instance(ParametrosGeraisControllerSpec.groovy:119)
Caused by: java.lang.NullPointerException
	at grails.views.api.internal.DefaultGrailsViewHelper.link(DefaultGrailsViewHelper.groovy:40)
	at safira_api_errors__errors_gson.run_closure1(safira_api_errors__errors_gson:16)
	at grails.plugin.json.builder.StreamingJsonBuilder$StreamingJsonDelegate.cloneDelegateAndGetContent(StreamingJsonBuilder.java:793)
	at grails.plugin.json.builder.StreamingJsonBuilder$StreamingJsonDelegate.access$000(StreamingJsonBuilder.java:478)
	at grails.plugin.json.builder.StreamingJsonBuilder.call(StreamingJsonBuilder.java:238)
	at grails.plugin.json.view.JsonViewWritableScript.json(JsonViewWritableScript.groovy:72)
	at safira_api_errors__errors_gson.run(safira_api_errors__errors_gson:12)
	at grails.plugin.json.view.JsonViewWritableScript.doWrite(JsonViewWritableScript.groovy:27)
	at grails.views.AbstractWritableScript.writeTo(AbstractWritableScript.groovy:40)
	... 30 more
</failure>
  </testcase>
  <testcase name="Test the update action correctly persists" classname="br.com.eliteconsult.cadastros.ParametrosGeraisControllerSpec" time="0.013">
    <failure message="Condition not satisfied:&#10;&#10;false&#10;&#10;TODO: Provide a populateValidParams() implementation for this generated test suite&#10;" type="org.spockframework.runtime.ConditionNotSatisfiedError">Condition not satisfied:

false

TODO: Provide a populateValidParams() implementation for this generated test suite

	at br.com.eliteconsult.cadastros.ParametrosGeraisControllerSpec.populateValidParams(ParametrosGeraisControllerSpec.groovy:20)
	at br.com.eliteconsult.cadastros.ParametrosGeraisControllerSpec.Test the update action correctly persists(ParametrosGeraisControllerSpec.groovy:135)
</failure>
  </testcase>
  <testcase name="Test the update action with an invalid instance" classname="br.com.eliteconsult.cadastros.ParametrosGeraisControllerSpec" time="0.016">
    <failure message="grails.views.ViewException: Error rendering view: null" type="grails.views.ViewException">grails.views.ViewException: Error rendering view: null
	at grails.views.AbstractWritableScript.writeTo(AbstractWritableScript.groovy:46)
	at grails.views.mvc.GenericGroovyTemplateView.renderMergedOutputModel(GenericGroovyTemplateView.groovy:73)
	at org.springframework.web.servlet.view.AbstractView.render(AbstractView.java:316)
	at grails.plugin.json.renderer.AbstractJsonViewContainerRenderer.render(AbstractJsonViewContainerRenderer.groovy:52)
	at grails.artefact.controller.RestResponder$Trait$Helper.internalRespond(RestResponder.groovy:192)
	at grails.artefact.controller.RestResponder$Trait$Helper.respond(RestResponder.groovy:98)
	at br.com.eliteconsult.cadastros.ParametrosGeraisController.$tt__update(ParametrosGeraisController.groovy:67)
	at java.base/jdk.internal.reflect.NativeMethodAccessorImpl.invoke(NativeMethodAccessorImpl.java:62)
	at java.base/jdk.internal.reflect.DelegatingMethodAccessorImpl.invoke(DelegatingMethodAccessorImpl.java:43)
	at br.com.eliteconsult.cadastros.ParametrosGeraisController.update_closure2(ParametrosGeraisController.groovy)
	at java.base/jdk.internal.reflect.NativeMethodAccessorImpl.invoke(NativeMethodAccessorImpl.java:62)
	at java.base/jdk.internal.reflect.DelegatingMethodAccessorImpl.invoke(DelegatingMethodAccessorImpl.java:43)
	at groovy.lang.Closure.call(Closure.java:405)
	at groovy.lang.Closure.call(Closure.java:421)
	at grails.gorm.transactions.GrailsTransactionTemplate$2.doInTransaction(GrailsTransactionTemplate.groovy:94)
	at org.springframework.transaction.support.TransactionTemplate.execute(TransactionTemplate.java:140)
	at grails.gorm.transactions.GrailsTransactionTemplate.execute(GrailsTransactionTemplate.groovy:91)
	at java.base/jdk.internal.reflect.NativeMethodAccessorImpl.invoke(NativeMethodAccessorImpl.java:62)
	at java.base/jdk.internal.reflect.DelegatingMethodAccessorImpl.invoke(DelegatingMethodAccessorImpl.java:43)
	at org.grails.testing.runtime.support.ActionSettingMethodHandler.invoke(ActionSettingMethodHandler.groovy:29)
	at br.com.eliteconsult.cadastros.ParametrosGeraisControllerSpec.Test the update action with an invalid instance(ParametrosGeraisControllerSpec.groovy:160)
Caused by: java.lang.NullPointerException
	at grails.views.api.internal.DefaultGrailsViewHelper.link(DefaultGrailsViewHelper.groovy:40)
	at safira_api_errors__errors_gson.run_closure1(safira_api_errors__errors_gson:16)
	at grails.plugin.json.builder.StreamingJsonBuilder$StreamingJsonDelegate.cloneDelegateAndGetContent(StreamingJsonBuilder.java:793)
	at grails.plugin.json.builder.StreamingJsonBuilder$StreamingJsonDelegate.access$000(StreamingJsonBuilder.java:478)
	at grails.plugin.json.builder.StreamingJsonBuilder.call(StreamingJsonBuilder.java:238)
	at grails.plugin.json.view.JsonViewWritableScript.json(JsonViewWritableScript.groovy:72)
	at safira_api_errors__errors_gson.run(safira_api_errors__errors_gson:12)
	at grails.plugin.json.view.JsonViewWritableScript.doWrite(JsonViewWritableScript.groovy:27)
	at grails.views.AbstractWritableScript.writeTo(AbstractWritableScript.groovy:40)
	... 20 more
</failure>
  </testcase>
  <testcase name="Test the delete action with a null instance" classname="br.com.eliteconsult.cadastros.ParametrosGeraisControllerSpec" time="0.014"/>
  <testcase name="Test the delete action with an instance" classname="br.com.eliteconsult.cadastros.ParametrosGeraisControllerSpec" time="0.013"/>
  <system-out><![CDATA[]]></system-out>
  <system-err><![CDATA[]]></system-err>
</testsuite>
